mode: atomic
github.com/FalcoSuessgott/mdtmpl/main.go:12.13,14.38 2 0
github.com/FalcoSuessgott/mdtmpl/main.go:14.38,18.3 2 0
github.com/FalcoSuessgott/mdtmpl/pkg/parser/parser.go:15.41,23.21 5 0
github.com/FalcoSuessgott/mdtmpl/pkg/parser/parser.go:23.21,24.37 1 0
github.com/FalcoSuessgott/mdtmpl/pkg/parser/parser.go:24.37,31.18 5 0
github.com/FalcoSuessgott/mdtmpl/pkg/parser/parser.go:31.18,33.5 1 0
github.com/FalcoSuessgott/mdtmpl/pkg/parser/parser.go:35.4,36.32 2 0
github.com/FalcoSuessgott/mdtmpl/pkg/parser/parser.go:37.9,40.4 2 0
github.com/FalcoSuessgott/mdtmpl/pkg/parser/parser.go:42.3,42.7 1 0
github.com/FalcoSuessgott/mdtmpl/pkg/parser/parser.go:45.2,45.32 1 0
github.com/FalcoSuessgott/mdtmpl/pkg/parser/parser.go:48.40,50.2 1 0
github.com/FalcoSuessgott/mdtmpl/pkg/template/template.go:16.44,18.17 2 0
github.com/FalcoSuessgott/mdtmpl/pkg/template/template.go:18.17,20.4 1 0
github.com/FalcoSuessgott/mdtmpl/pkg/template/template.go:22.3,23.17 2 0
github.com/FalcoSuessgott/mdtmpl/pkg/template/template.go:23.17,25.4 1 0
github.com/FalcoSuessgott/mdtmpl/pkg/template/template.go:27.3,27.24 1 0
github.com/FalcoSuessgott/mdtmpl/pkg/template/template.go:29.47,33.17 3 0
github.com/FalcoSuessgott/mdtmpl/pkg/template/template.go:33.17,35.4 1 0
github.com/FalcoSuessgott/mdtmpl/pkg/template/template.go:37.3,37.26 1 0
github.com/FalcoSuessgott/mdtmpl/pkg/template/template.go:39.48,41.3 1 0
github.com/FalcoSuessgott/mdtmpl/pkg/template/template.go:47.69,54.45 2 0
github.com/FalcoSuessgott/mdtmpl/pkg/template/template.go:54.45,56.18 2 0
github.com/FalcoSuessgott/mdtmpl/pkg/template/template.go:56.18,58.5 1 0
github.com/FalcoSuessgott/mdtmpl/pkg/template/template.go:60.4,61.18 2 0
github.com/FalcoSuessgott/mdtmpl/pkg/template/template.go:61.18,63.5 1 0
github.com/FalcoSuessgott/mdtmpl/pkg/template/template.go:65.4,66.18 2 0
github.com/FalcoSuessgott/mdtmpl/pkg/template/template.go:66.18,68.5 1 0
github.com/FalcoSuessgott/mdtmpl/pkg/template/template.go:70.4,70.28 1 0
github.com/FalcoSuessgott/mdtmpl/pkg/template/template.go:72.69,74.18 2 0
github.com/FalcoSuessgott/mdtmpl/pkg/template/template.go:74.18,76.5 1 0
github.com/FalcoSuessgott/mdtmpl/pkg/template/template.go:78.4,79.18 2 0
github.com/FalcoSuessgott/mdtmpl/pkg/template/template.go:79.18,81.5 1 0
github.com/FalcoSuessgott/mdtmpl/pkg/template/template.go:83.4,85.27 2 0
github.com/FalcoSuessgott/mdtmpl/pkg/template/template.go:85.27,88.24 2 0
github.com/FalcoSuessgott/mdtmpl/pkg/template/template.go:88.24,90.6 1 0
github.com/FalcoSuessgott/mdtmpl/pkg/template/template.go:92.5,92.27 1 0
github.com/FalcoSuessgott/mdtmpl/pkg/template/template.go:95.4,96.18 2 0
github.com/FalcoSuessgott/mdtmpl/pkg/template/template.go:96.18,98.5 1 0
github.com/FalcoSuessgott/mdtmpl/pkg/template/template.go:100.4,100.28 1 0
github.com/FalcoSuessgott/mdtmpl/pkg/template/template.go:104.2,104.16 1 0
github.com/FalcoSuessgott/mdtmpl/pkg/template/template.go:104.16,106.3 1 0
github.com/FalcoSuessgott/mdtmpl/pkg/template/template.go:108.2,108.48 1 0
github.com/FalcoSuessgott/mdtmpl/pkg/template/template.go:108.48,110.3 1 0
github.com/FalcoSuessgott/mdtmpl/pkg/template/template.go:112.2,112.17 1 0
github.com/FalcoSuessgott/mdtmpl/cmd/mdtmpl.go:29.29,34.2 1 0
github.com/FalcoSuessgott/mdtmpl/cmd/mdtmpl.go:36.34,39.83 2 0
github.com/FalcoSuessgott/mdtmpl/cmd/mdtmpl.go:39.83,41.3 1 0
github.com/FalcoSuessgott/mdtmpl/cmd/mdtmpl.go:43.2,48.55 1 0
github.com/FalcoSuessgott/mdtmpl/cmd/mdtmpl.go:48.55,49.17 1 0
github.com/FalcoSuessgott/mdtmpl/cmd/mdtmpl.go:49.17,53.5 2 0
github.com/FalcoSuessgott/mdtmpl/cmd/mdtmpl.go:55.4,56.18 2 0
github.com/FalcoSuessgott/mdtmpl/cmd/mdtmpl.go:56.18,58.5 1 0
github.com/FalcoSuessgott/mdtmpl/cmd/mdtmpl.go:60.4,60.17 1 0
github.com/FalcoSuessgott/mdtmpl/cmd/mdtmpl.go:60.17,62.5 1 0
github.com/FalcoSuessgott/mdtmpl/cmd/mdtmpl.go:64.4,65.18 2 0
github.com/FalcoSuessgott/mdtmpl/cmd/mdtmpl.go:65.18,67.5 1 0
github.com/FalcoSuessgott/mdtmpl/cmd/mdtmpl.go:69.4,69.16 1 0
github.com/FalcoSuessgott/mdtmpl/cmd/mdtmpl.go:69.16,73.5 2 0
github.com/FalcoSuessgott/mdtmpl/cmd/mdtmpl.go:75.4,75.63 1 0
github.com/FalcoSuessgott/mdtmpl/cmd/mdtmpl.go:75.63,77.5 1 0
github.com/FalcoSuessgott/mdtmpl/cmd/mdtmpl.go:80.4,80.65 1 0
github.com/FalcoSuessgott/mdtmpl/cmd/mdtmpl.go:80.65,82.5 1 0
github.com/FalcoSuessgott/mdtmpl/cmd/mdtmpl.go:84.4,84.14 1 0
github.com/FalcoSuessgott/mdtmpl/cmd/mdtmpl.go:88.2,94.12 6 0
github.com/FalcoSuessgott/mdtmpl/cmd/mdtmpl.go:97.22,98.47 1 0
github.com/FalcoSuessgott/mdtmpl/cmd/mdtmpl.go:98.47,100.3 1 0
github.com/FalcoSuessgott/mdtmpl/cmd/mdtmpl.go:102.2,102.12 1 0
github.com/FalcoSuessgott/mdtmpl/pkg/parser/parser.go:15.41,23.21 5 5
github.com/FalcoSuessgott/mdtmpl/pkg/parser/parser.go:23.21,24.37 1 5
github.com/FalcoSuessgott/mdtmpl/pkg/parser/parser.go:24.37,31.18 5 5
github.com/FalcoSuessgott/mdtmpl/pkg/parser/parser.go:31.18,33.5 1 0
github.com/FalcoSuessgott/mdtmpl/pkg/parser/parser.go:35.4,36.32 2 5
github.com/FalcoSuessgott/mdtmpl/pkg/parser/parser.go:37.9,40.4 2 0
github.com/FalcoSuessgott/mdtmpl/pkg/parser/parser.go:42.3,42.7 1 5
github.com/FalcoSuessgott/mdtmpl/pkg/parser/parser.go:45.2,45.32 1 5
github.com/FalcoSuessgott/mdtmpl/pkg/parser/parser.go:48.40,50.2 1 5
github.com/FalcoSuessgott/mdtmpl/pkg/template/template.go:16.44,18.17 2 1
github.com/FalcoSuessgott/mdtmpl/pkg/template/template.go:18.17,20.4 1 0
github.com/FalcoSuessgott/mdtmpl/pkg/template/template.go:22.3,23.17 2 1
github.com/FalcoSuessgott/mdtmpl/pkg/template/template.go:23.17,25.4 1 0
github.com/FalcoSuessgott/mdtmpl/pkg/template/template.go:27.3,27.24 1 1
github.com/FalcoSuessgott/mdtmpl/pkg/template/template.go:29.47,33.17 3 2
github.com/FalcoSuessgott/mdtmpl/pkg/template/template.go:33.17,35.4 1 0
github.com/FalcoSuessgott/mdtmpl/pkg/template/template.go:37.3,37.26 1 2
github.com/FalcoSuessgott/mdtmpl/pkg/template/template.go:39.48,41.3 1 1
github.com/FalcoSuessgott/mdtmpl/pkg/template/template.go:47.69,54.45 2 7
github.com/FalcoSuessgott/mdtmpl/pkg/template/template.go:54.45,56.18 2 1
github.com/FalcoSuessgott/mdtmpl/pkg/template/template.go:56.18,58.5 1 0
github.com/FalcoSuessgott/mdtmpl/pkg/template/template.go:60.4,61.18 2 1
github.com/FalcoSuessgott/mdtmpl/pkg/template/template.go:61.18,63.5 1 0
github.com/FalcoSuessgott/mdtmpl/pkg/template/template.go:65.4,66.18 2 1
github.com/FalcoSuessgott/mdtmpl/pkg/template/template.go:66.18,68.5 1 0
github.com/FalcoSuessgott/mdtmpl/pkg/template/template.go:70.4,70.28 1 1
github.com/FalcoSuessgott/mdtmpl/pkg/template/template.go:72.69,74.18 2 1
github.com/FalcoSuessgott/mdtmpl/pkg/template/template.go:74.18,76.5 1 0
github.com/FalcoSuessgott/mdtmpl/pkg/template/template.go:78.4,79.18 2 1
github.com/FalcoSuessgott/mdtmpl/pkg/template/template.go:79.18,81.5 1 0
github.com/FalcoSuessgott/mdtmpl/pkg/template/template.go:83.4,85.27 2 1
github.com/FalcoSuessgott/mdtmpl/pkg/template/template.go:85.27,88.24 2 2
github.com/FalcoSuessgott/mdtmpl/pkg/template/template.go:88.24,90.6 1 0
github.com/FalcoSuessgott/mdtmpl/pkg/template/template.go:92.5,92.27 1 2
github.com/FalcoSuessgott/mdtmpl/pkg/template/template.go:95.4,96.18 2 1
github.com/FalcoSuessgott/mdtmpl/pkg/template/template.go:96.18,98.5 1 0
github.com/FalcoSuessgott/mdtmpl/pkg/template/template.go:100.4,100.28 1 1
github.com/FalcoSuessgott/mdtmpl/pkg/template/template.go:104.2,104.16 1 7
github.com/FalcoSuessgott/mdtmpl/pkg/template/template.go:104.16,106.3 1 0
github.com/FalcoSuessgott/mdtmpl/pkg/template/template.go:108.2,108.48 1 7
github.com/FalcoSuessgott/mdtmpl/pkg/template/template.go:108.48,110.3 1 0
github.com/FalcoSuessgott/mdtmpl/pkg/template/template.go:112.2,112.17 1 7
