mode: atomic
github.com/FalcoSuessgott/mdtmpl/main.go:12.13,15.38 2 0
github.com/FalcoSuessgott/mdtmpl/main.go:15.38,19.3 2 0
github.com/FalcoSuessgott/mdtmpl/pkg/commit/commit.go:14.55,14.87 1 1
github.com/FalcoSuessgott/mdtmpl/pkg/commit/commit.go:15.55,15.87 1 1
github.com/FalcoSuessgott/mdtmpl/pkg/commit/commit.go:16.55,16.87 1 1
github.com/FalcoSuessgott/mdtmpl/pkg/commit/commit.go:19.65,23.16 2 3
github.com/FalcoSuessgott/mdtmpl/pkg/commit/commit.go:23.16,25.3 1 0
github.com/FalcoSuessgott/mdtmpl/pkg/commit/commit.go:27.2,27.27 1 3
github.com/FalcoSuessgott/mdtmpl/pkg/commit/commit.go:27.27,29.3 1 1
github.com/FalcoSuessgott/mdtmpl/pkg/commit/commit.go:31.2,31.17 1 2
github.com/FalcoSuessgott/mdtmpl/pkg/commit/commit.go:31.17,33.3 1 1
github.com/FalcoSuessgott/mdtmpl/pkg/commit/commit.go:35.2,35.16 1 1
github.com/FalcoSuessgott/mdtmpl/pkg/commit/commit.go:35.16,37.3 1 1
github.com/FalcoSuessgott/mdtmpl/pkg/commit/commit.go:39.2,39.63 1 0
github.com/FalcoSuessgott/mdtmpl/cmd/mdtmpl.go:35.29,40.2 1 0
github.com/FalcoSuessgott/mdtmpl/cmd/mdtmpl.go:42.34,45.83 2 0
github.com/FalcoSuessgott/mdtmpl/cmd/mdtmpl.go:45.83,47.3 1 0
github.com/FalcoSuessgott/mdtmpl/cmd/mdtmpl.go:49.2,54.55 1 0
github.com/FalcoSuessgott/mdtmpl/cmd/mdtmpl.go:54.55,55.17 1 0
github.com/FalcoSuessgott/mdtmpl/cmd/mdtmpl.go:55.17,59.5 2 0
github.com/FalcoSuessgott/mdtmpl/cmd/mdtmpl.go:61.4,62.18 2 0
github.com/FalcoSuessgott/mdtmpl/cmd/mdtmpl.go:62.18,64.5 1 0
github.com/FalcoSuessgott/mdtmpl/cmd/mdtmpl.go:66.4,66.17 1 0
github.com/FalcoSuessgott/mdtmpl/cmd/mdtmpl.go:66.17,68.5 1 0
github.com/FalcoSuessgott/mdtmpl/cmd/mdtmpl.go:70.4,71.18 2 0
github.com/FalcoSuessgott/mdtmpl/cmd/mdtmpl.go:71.18,73.5 1 0
github.com/FalcoSuessgott/mdtmpl/cmd/mdtmpl.go:75.4,75.16 1 0
github.com/FalcoSuessgott/mdtmpl/cmd/mdtmpl.go:75.16,79.5 2 0
github.com/FalcoSuessgott/mdtmpl/cmd/mdtmpl.go:81.4,81.63 1 0
github.com/FalcoSuessgott/mdtmpl/cmd/mdtmpl.go:81.63,83.5 1 0
github.com/FalcoSuessgott/mdtmpl/cmd/mdtmpl.go:86.4,86.65 1 0
github.com/FalcoSuessgott/mdtmpl/cmd/mdtmpl.go:86.65,88.5 1 0
github.com/FalcoSuessgott/mdtmpl/cmd/mdtmpl.go:90.4,90.14 1 0
github.com/FalcoSuessgott/mdtmpl/cmd/mdtmpl.go:94.2,100.12 6 0
github.com/FalcoSuessgott/mdtmpl/cmd/mdtmpl.go:103.22,104.47 1 0
github.com/FalcoSuessgott/mdtmpl/cmd/mdtmpl.go:104.47,106.3 1 0
github.com/FalcoSuessgott/mdtmpl/cmd/mdtmpl.go:108.2,108.12 1 0
github.com/FalcoSuessgott/mdtmpl/cmd/mdtmpl.go:111.75,119.21 5 5
github.com/FalcoSuessgott/mdtmpl/cmd/mdtmpl.go:119.21,120.37 1 5
github.com/FalcoSuessgott/mdtmpl/cmd/mdtmpl.go:120.37,127.18 5 5
github.com/FalcoSuessgott/mdtmpl/cmd/mdtmpl.go:127.18,129.5 1 0
github.com/FalcoSuessgott/mdtmpl/cmd/mdtmpl.go:131.4,132.32 2 5
github.com/FalcoSuessgott/mdtmpl/cmd/mdtmpl.go:133.9,136.4 2 0
github.com/FalcoSuessgott/mdtmpl/cmd/mdtmpl.go:138.3,138.7 1 5
github.com/FalcoSuessgott/mdtmpl/cmd/mdtmpl.go:141.2,141.32 1 5
github.com/FalcoSuessgott/mdtmpl/pkg/template/template.go:25.44,27.17 2 1
github.com/FalcoSuessgott/mdtmpl/pkg/template/template.go:27.17,29.4 1 0
github.com/FalcoSuessgott/mdtmpl/pkg/template/template.go:31.3,32.17 2 1
github.com/FalcoSuessgott/mdtmpl/pkg/template/template.go:32.17,34.4 1 0
github.com/FalcoSuessgott/mdtmpl/pkg/template/template.go:36.3,36.24 1 1
github.com/FalcoSuessgott/mdtmpl/pkg/template/template.go:38.47,42.17 3 1
github.com/FalcoSuessgott/mdtmpl/pkg/template/template.go:42.17,44.4 1 0
github.com/FalcoSuessgott/mdtmpl/pkg/template/template.go:46.3,46.26 1 1
github.com/FalcoSuessgott/mdtmpl/pkg/template/template.go:48.48,50.3 1 1
github.com/FalcoSuessgott/mdtmpl/pkg/template/template.go:51.51,53.17 2 0
github.com/FalcoSuessgott/mdtmpl/pkg/template/template.go:53.17,55.4 1 0
github.com/FalcoSuessgott/mdtmpl/pkg/template/template.go:57.3,58.17 2 0
github.com/FalcoSuessgott/mdtmpl/pkg/template/template.go:58.17,60.4 1 0
github.com/FalcoSuessgott/mdtmpl/pkg/template/template.go:62.3,65.17 3 0
github.com/FalcoSuessgott/mdtmpl/pkg/template/template.go:65.17,67.4 1 0
github.com/FalcoSuessgott/mdtmpl/pkg/template/template.go:69.3,70.17 2 0
github.com/FalcoSuessgott/mdtmpl/pkg/template/template.go:70.17,72.4 1 0
github.com/FalcoSuessgott/mdtmpl/pkg/template/template.go:74.3,75.17 2 0
github.com/FalcoSuessgott/mdtmpl/pkg/template/template.go:75.17,77.4 1 0
github.com/FalcoSuessgott/mdtmpl/pkg/template/template.go:79.3,80.44 2 0
github.com/FalcoSuessgott/mdtmpl/pkg/template/template.go:80.44,82.4 1 0
github.com/FalcoSuessgott/mdtmpl/pkg/template/template.go:84.3,84.16 1 0
github.com/FalcoSuessgott/mdtmpl/pkg/template/template.go:96.49,97.27 1 1
github.com/FalcoSuessgott/mdtmpl/pkg/template/template.go:97.27,99.3 1 1
github.com/FalcoSuessgott/mdtmpl/pkg/template/template.go:104.94,107.27 2 13
github.com/FalcoSuessgott/mdtmpl/pkg/template/template.go:107.27,109.3 1 1
github.com/FalcoSuessgott/mdtmpl/pkg/template/template.go:111.2,117.45 2 13
github.com/FalcoSuessgott/mdtmpl/pkg/template/template.go:117.45,119.18 2 1
github.com/FalcoSuessgott/mdtmpl/pkg/template/template.go:119.18,121.5 1 0
github.com/FalcoSuessgott/mdtmpl/pkg/template/template.go:123.4,124.18 2 1
github.com/FalcoSuessgott/mdtmpl/pkg/template/template.go:124.18,126.5 1 0
github.com/FalcoSuessgott/mdtmpl/pkg/template/template.go:128.4,129.18 2 1
github.com/FalcoSuessgott/mdtmpl/pkg/template/template.go:129.18,131.5 1 0
github.com/FalcoSuessgott/mdtmpl/pkg/template/template.go:133.4,133.28 1 1
github.com/FalcoSuessgott/mdtmpl/pkg/template/template.go:135.69,137.18 2 1
github.com/FalcoSuessgott/mdtmpl/pkg/template/template.go:137.18,139.5 1 0
github.com/FalcoSuessgott/mdtmpl/pkg/template/template.go:141.4,142.18 2 1
github.com/FalcoSuessgott/mdtmpl/pkg/template/template.go:142.18,144.5 1 0
github.com/FalcoSuessgott/mdtmpl/pkg/template/template.go:146.4,148.27 2 1
github.com/FalcoSuessgott/mdtmpl/pkg/template/template.go:148.27,151.24 2 1
github.com/FalcoSuessgott/mdtmpl/pkg/template/template.go:151.24,153.6 1 0
github.com/FalcoSuessgott/mdtmpl/pkg/template/template.go:155.5,155.27 1 1
github.com/FalcoSuessgott/mdtmpl/pkg/template/template.go:158.4,159.18 2 1
github.com/FalcoSuessgott/mdtmpl/pkg/template/template.go:159.18,161.5 1 0
github.com/FalcoSuessgott/mdtmpl/pkg/template/template.go:163.4,163.28 1 1
github.com/FalcoSuessgott/mdtmpl/pkg/template/template.go:165.33,168.18 2 1
github.com/FalcoSuessgott/mdtmpl/pkg/template/template.go:168.18,170.5 1 0
github.com/FalcoSuessgott/mdtmpl/pkg/template/template.go:173.4,181.34 4 1
github.com/FalcoSuessgott/mdtmpl/pkg/template/template.go:181.34,186.5 4 5
github.com/FalcoSuessgott/mdtmpl/pkg/template/template.go:188.4,188.28 1 1
github.com/FalcoSuessgott/mdtmpl/pkg/template/template.go:192.2,192.16 1 13
github.com/FalcoSuessgott/mdtmpl/pkg/template/template.go:192.16,194.3 1 0
github.com/FalcoSuessgott/mdtmpl/pkg/template/template.go:196.2,196.48 1 13
github.com/FalcoSuessgott/mdtmpl/pkg/template/template.go:196.48,198.3 1 1
github.com/FalcoSuessgott/mdtmpl/pkg/template/template.go:200.2,200.17 1 12
